<?xml version="1.0" encoding="UTF-8"?>
<!-- Generated by org.testng.reporters.JUnitReportReporter -->
<testsuite hostname="5CG62365JC" name="com.ctl.techXpert.testscript.LoginPageTest" tests="1" failures="0" timestamp="20 Jun 2018 14:05:28 GMT" time="30.223" errors="0">
  <testcase name="verifyingLoginPage" time="30.223" classname="com.ctl.techXpert.testscript.LoginPageTest"/>
</testsuite> <!-- com.ctl.techXpert.testscript.LoginPageTest -->
