<?xml version="1.0" encoding="UTF-8"?>
<!-- Generated by org.testng.reporters.JUnitReportReporter -->
<testsuite hostname="5CG62365JC" name="com.ctl.techXpert.testscript.TC002MapSearchPage" tests="5" failures="0" timestamp="20 Jun 2018 07:52:28 GMT" time="191.494" errors="0">
  <testcase name="DataProviderTest" time="14.644" classname="com.ctl.techXpert.testscript.TC002MapSearchPage"/>
  <testcase name="SearchPageTest" time="66.117" classname="com.ctl.techXpert.testscript.TC002MapSearchPage"/>
  <testcase name="SearchPageTest" time="65.893" classname="com.ctl.techXpert.testscript.TC002MapSearchPage"/>
  <testcase name="DataProviderTest" time="17.180" classname="com.ctl.techXpert.testscript.TC002MapSearchPage"/>
  <testcase name="DataProviderTest" time="27.660" classname="com.ctl.techXpert.testscript.TC002MapSearchPage"/>
</testsuite> <!-- com.ctl.techXpert.testscript.TC002MapSearchPage -->
