<?xml version="1.0" encoding="UTF-8"?>
<!-- Generated by org.testng.reporters.JUnitReportReporter -->
<testsuite hostname="5CG62365JC" name="com.ctl.techXpert.Runners.TestingFeatureRunner" tests="1" failures="0" timestamp="21 Jun 2018 11:17:19 GMT" time="0.547" errors="0">
  <testcase name="run_cukes" time="0.547" classname="com.ctl.techXpert.Runners.TestingFeatureRunner"/>
</testsuite> <!-- com.ctl.techXpert.Runners.TestingFeatureRunner -->
